--------- T=400, Sclae=80, sample=0.1, samp_size=[120, 120], Voc_num = 1000 -------------
Total num of face: 515
Num of matched face: 40
Final matched rate: 0.0776699
--------- T=1600, Sclae=80, sample=0.1, samp_size=[120, 120], Voc_num = 1000 -------------
Total num of face: 515
Num of matched face: 115
Final matched rate: 0.223301
--------- T=1600, Sclae=80, sample=0.1, samp_size=[120, 120], Voc_num = 1000 fixed -------------
Total num of face: 515
Num of matched face: 116
Final matched rate: 0.225243
Total num of face: 515
Num of matched face: 107
Final matched rate: 0.207767
--------- T=1600, Sclae=60, sample=0.1, samp_size=[120, 120], Voc_num = 1000 fixed -------------
Total num of face: 515
Num of matched face: 126
Final matched rate: 0.24466
Total num of face: 515
Num of matched face: 130
Final matched rate: 0.252427
