Matched ID: 0-------------
n: 6
O: 4
S: -0.315483
Voting Point[0]: ( 389.408, 68.7658 )
Voting Point[1]: ( 396.493, 67.5157 )
Voting Point[2]: ( 391.289, 66.0252 )
Voting Point[3]: ( 398.298, 67.6342 )
Voting Point[4]: ( 353.085, 42.1774 )
Voting Point[5]: ( 346.224, 28.8998 )
Main Voting Point: ( 379.133, 56.8364 )
Matched ID: 1-------------
n: 9
O: 4
S: 0.146606
Voting Point[0]: ( 398.614, 77.8761 )
Voting Point[1]: ( 392.96, 76.1153 )
Voting Point[2]: ( 378.37, 64.5239 )
Voting Point[3]: ( 393.411, 81.0098 )
Voting Point[4]: ( 386.414, 72.6473 )
Voting Point[5]: ( 380.612, 70.0886 )
Voting Point[6]: ( 388.85, 73.6129 )
Voting Point[7]: ( 379.693, 74.4556 )
Voting Point[8]: ( 406.542, 89.5606 )
Main Voting Point: ( 389.496, 75.5434 )
Matched ID: 2-------------
n: 2
O: 4
S: -0.025601
Voting Point[0]: ( 400.369, 107.465 )
Voting Point[1]: ( 406.757, 61.1603 )
Main Voting Point: ( 403.563, 84.3126 )
Matched ID: 3-------------
n: 3
O: 4
S: 1.90385
Voting Point[0]: ( 120.065, 113.683 )
Voting Point[1]: ( 110.355, 125.471 )
Voting Point[2]: ( 116.248, 123.696 )
Main Voting Point: ( 115.556, 120.95 )
Matched ID: 4-------------
n: 4
O: 4
S: 1.71804
Voting Point[0]: ( 227.037, 181.858 )
Voting Point[1]: ( 214.632, 138.362 )
Voting Point[2]: ( 216.228, 136.571 )
Voting Point[3]: ( 215.46, 138.226 )
Main Voting Point: ( 218.339, 148.754 )
Matched ID: 5-------------
n: 9
O: 4
S: 4.33625
Voting Point[0]: ( 157.795, 176.411 )
Voting Point[1]: ( 157.512, 181.415 )
Voting Point[2]: ( 141.909, 175.246 )
Voting Point[3]: ( 155.935, 175.408 )
Voting Point[4]: ( 153.518, 175.351 )
Voting Point[5]: ( 141.55, 143.302 )
Voting Point[6]: ( 157.032, 182.366 )
Voting Point[7]: ( 163.46, 186.083 )
Voting Point[8]: ( 142.964, 186.803 )
Main Voting Point: ( 152.408, 175.82 )
Matched ID: 6-------------
n: 4
O: 4
S: 1.76944
Voting Point[0]: ( 118.57, 192.621 )
Voting Point[1]: ( 129.174, 188.314 )
Voting Point[2]: ( 112.654, 185.137 )
Voting Point[3]: ( 166.297, 193.3 )
Main Voting Point: ( 131.674, 189.843 )
Matched ID: 7-------------
n: 6
O: 4
S: 1.54723
Voting Point[0]: ( 238.258, 168.06 )
Voting Point[1]: ( 238.303, 168.052 )
Voting Point[2]: ( 235.171, 172.531 )
Voting Point[3]: ( 231.384, 171.978 )
Voting Point[4]: ( 233.336, 147.833 )
Voting Point[5]: ( 224.025, 143.62 )
Main Voting Point: ( 233.413, 162.012 )
Matched ID: 8-------------
n: 3
O: 4
S: 1.97325
Voting Point[0]: ( 398.663, 217.31 )
Voting Point[1]: ( 398.414, 216.998 )
Voting Point[2]: ( 404.95, 217.978 )
Main Voting Point: ( 400.676, 217.428 )
Matched ID: 9-------------
n: 2
O: 4
S: 0.631073
Voting Point[0]: ( 66.2279, 191.767 )
Voting Point[1]: ( 74.9801, 217.191 )
Main Voting Point: ( 70.604, 204.479 )
Matched ID: 10-------------
n: 2
O: 4
S: 0.966604
Voting Point[0]: ( 406.398, 227.139 )
Voting Point[1]: ( 403.244, 221.687 )
Main Voting Point: ( 404.821, 224.413 )
Matched ID: 11-------------
n: 2
O: 4
S: 0.561918
Voting Point[0]: ( 53.9324, 268.039 )
Voting Point[1]: ( 50.2953, 283.006 )
Main Voting Point: ( 52.1138, 275.523 )
Matched ID: 12-------------
n: 5
O: 4
S: 1.91938
Voting Point[0]: ( 93.3259, 195.785 )
Voting Point[1]: ( 104.462, 196.673 )
Voting Point[2]: ( 58.3548, 192.88 )
Voting Point[3]: ( 55.6107, 202.616 )
Voting Point[4]: ( 89.9585, 198.74 )
Main Voting Point: ( 80.3423, 197.339 )
Matched ID: 13-------------
n: 2
O: 4
S: 0.0569068
Voting Point[0]: ( 130.363, 262.091 )
Voting Point[1]: ( 152.052, 278.108 )
Main Voting Point: ( 141.208, 270.1 )
Matched ID: 14-------------
n: 2
O: 4
S: 0.876664
Voting Point[0]: ( 349.989, 144.358 )
Voting Point[1]: ( 366.103, 169.891 )
Main Voting Point: ( 358.046, 157.125 )
Matched ID: 15-------------
n: 5
O: 4
S: 0.831127
Voting Point[0]: ( 173.587, 162.643 )
Voting Point[1]: ( 174.132, 192.627 )
Voting Point[2]: ( 173.044, 192.569 )
Voting Point[3]: ( 174.79, 165.273 )
Voting Point[4]: ( 156.284, 154.448 )
Main Voting Point: ( 170.367, 173.512 )
Centre Points: Total 5 Points.
Centre[0]: ( 115.556, 120.95 )
Centre[1]: ( 227.384, 156.709 )
Centre[2]: ( 146.028, 180.135 )
Centre[3]: ( 400.676, 217.428 )
Centre[4]: ( 80.3423, 197.339 )
